==86729== Memcheck, a memory error detector
==86729== Copyright (C) 2002-2017, and GNU GPL'd, by Julian Seward et al.
==86729== Using Valgrind-3.18.1 and LibVEX; rerun with -h for copyright info
==86729== Command: ./pipex infile cat sort outfile
==86729== 
open infile: No such file or directory
==86741== 
==86741== HEAP SUMMARY:
==86741==     in use at exit: 92 bytes in 2 blocks
==86741==   total heap usage: 2 allocs, 0 frees, 92 bytes allocated
==86741== 
==86741== LEAK SUMMARY:
==86741==    definitely lost: 0 bytes in 0 blocks
==86741==    indirectly lost: 0 bytes in 0 blocks
==86741==      possibly lost: 0 bytes in 0 blocks
==86741==    still reachable: 92 bytes in 2 blocks
==86741==         suppressed: 0 bytes in 0 blocks
==86741== Reachable blocks (those to which a pointer was found) are not shown.
==86741== To see them, rerun with: --leak-check=full --show-leak-kinds=all
==86741== 
==86741== For lists of detected and suppressed errors, rerun with: -s
==86741== ERROR SUMMARY: 0 errors from 0 contexts (suppressed: 0 from 0)
==86729== 
==86729== HEAP SUMMARY:
==86729==     in use at exit: 0 bytes in 0 blocks
==86729==   total heap usage: 4 allocs, 4 frees, 185 bytes allocated
==86729== 
==86729== All heap blocks were freed -- no leaks are possible
==86729== 
==86729== For lists of detected and suppressed errors, rerun with: -s
==86729== ERROR SUMMARY: 0 errors from 0 contexts (suppressed: 0 from 0)
