==86747== Memcheck, a memory error detector
==86747== Copyright (C) 2002-2017, and GNU GPL'd, by Julian Seward et al.
==86747== Using Valgrind-3.18.1 and LibVEX; rerun with -h for copyright info
==86747== Command: ./pipex infile cat\ -e sort\ -r outfile
==86747== 
open infile: No such file or directory
==86748== 
==86748== HEAP SUMMARY:
==86748==     in use at exit: 95 bytes in 3 blocks
==86748==   total heap usage: 3 allocs, 0 frees, 95 bytes allocated
==86748== 
==86748== LEAK SUMMARY:
==86748==    definitely lost: 0 bytes in 0 blocks
==86748==    indirectly lost: 0 bytes in 0 blocks
==86748==      possibly lost: 0 bytes in 0 blocks
==86748==    still reachable: 95 bytes in 3 blocks
==86748==         suppressed: 0 bytes in 0 blocks
==86748== Reachable blocks (those to which a pointer was found) are not shown.
==86748== To see them, rerun with: --leak-check=full --show-leak-kinds=all
==86748== 
==86748== For lists of detected and suppressed errors, rerun with: -s
==86748== ERROR SUMMARY: 0 errors from 0 contexts (suppressed: 0 from 0)
==86747== 
==86747== HEAP SUMMARY:
==86747==     in use at exit: 0 bytes in 0 blocks
==86747==   total heap usage: 6 allocs, 6 frees, 191 bytes allocated
==86747== 
==86747== All heap blocks were freed -- no leaks are possible
==86747== 
==86747== For lists of detected and suppressed errors, rerun with: -s
==86747== ERROR SUMMARY: 0 errors from 0 contexts (suppressed: 0 from 0)
