==86821== Memcheck, a memory error detector
==86821== Copyright (C) 2002-2017, and GNU GPL'd, by Julian Seward et al.
==86821== Using Valgrind-3.18.1 and LibVEX; rerun with -h for copyright info
==86821== Command: ./pipex infile cat\ -e error\ -r outfile
==86821== 
Command not found
open infile: No such file or directory
==86829== 
==86829== HEAP SUMMARY:
==86829==     in use at exit: 0 bytes in 0 blocks
==86829==   total heap usage: 52 allocs, 52 frees, 2,143 bytes allocated
==86829== 
==86829== All heap blocks were freed -- no leaks are possible
==86829== 
==86829== For lists of detected and suppressed errors, rerun with: -s
==86829== ERROR SUMMARY: 0 errors from 0 contexts (suppressed: 0 from 0)
==86828== 
==86828== HEAP SUMMARY:
==86828==     in use at exit: 95 bytes in 3 blocks
==86828==   total heap usage: 3 allocs, 0 frees, 95 bytes allocated
==86828== 
==86828== LEAK SUMMARY:
==86828==    definitely lost: 0 bytes in 0 blocks
==86828==    indirectly lost: 0 bytes in 0 blocks
==86828==      possibly lost: 0 bytes in 0 blocks
==86828==    still reachable: 95 bytes in 3 blocks
==86828==         suppressed: 0 bytes in 0 blocks
==86828== Reachable blocks (those to which a pointer was found) are not shown.
==86828== To see them, rerun with: --leak-check=full --show-leak-kinds=all
==86828== 
==86828== For lists of detected and suppressed errors, rerun with: -s
==86828== ERROR SUMMARY: 0 errors from 0 contexts (suppressed: 0 from 0)
==86821== 
==86821== HEAP SUMMARY:
==86821==     in use at exit: 0 bytes in 0 blocks
==86821==   total heap usage: 6 allocs, 6 frees, 192 bytes allocated
==86821== 
==86821== All heap blocks were freed -- no leaks are possible
==86821== 
==86821== For lists of detected and suppressed errors, rerun with: -s
==86821== ERROR SUMMARY: 0 errors from 0 contexts (suppressed: 0 from 0)
