==86778== Memcheck, a memory error detector
==86778== Copyright (C) 2002-2017, and GNU GPL'd, by Julian Seward et al.
==86778== Using Valgrind-3.18.1 and LibVEX; rerun with -h for copyright info
==86778== Command: ./pipex infile cat\ -invalid sort\ -r outfile
==86778== 
open infile: No such file or directory
==86779== 
==86779== HEAP SUMMARY:
==86779==     in use at exit: 101 bytes in 3 blocks
==86779==   total heap usage: 3 allocs, 0 frees, 101 bytes allocated
==86779== 
==86779== LEAK SUMMARY:
==86779==    definitely lost: 0 bytes in 0 blocks
==86779==    indirectly lost: 0 bytes in 0 blocks
==86779==      possibly lost: 0 bytes in 0 blocks
==86779==    still reachable: 101 bytes in 3 blocks
==86779==         suppressed: 0 bytes in 0 blocks
==86779== Reachable blocks (those to which a pointer was found) are not shown.
==86779== To see them, rerun with: --leak-check=full --show-leak-kinds=all
==86779== 
==86779== For lists of detected and suppressed errors, rerun with: -s
==86779== ERROR SUMMARY: 0 errors from 0 contexts (suppressed: 0 from 0)
==86778== 
==86778== HEAP SUMMARY:
==86778==     in use at exit: 0 bytes in 0 blocks
==86778==   total heap usage: 6 allocs, 6 frees, 197 bytes allocated
==86778== 
==86778== All heap blocks were freed -- no leaks are possible
==86778== 
==86778== For lists of detected and suppressed errors, rerun with: -s
==86778== ERROR SUMMARY: 0 errors from 0 contexts (suppressed: 0 from 0)
