==86790== Memcheck, a memory error detector
==86790== Copyright (C) 2002-2017, and GNU GPL'd, by Julian Seward et al.
==86790== Using Valgrind-3.18.1 and LibVEX; rerun with -h for copyright info
==86790== Command: ./pipex infile NULL  outfile
==86790== 
empty command: Success
open infile: No such file or directory
==86790== Invalid read of size 8
==86790==    at 0x109760: free_string_array (pipex_utilities.c:32)
==86790==    by 0x109658: main (pipex.c:116)
==86790==  Address 0x4aa8040 is 0 bytes inside a block of size 88 free'd
==86790==    at 0x484B27F: free (in /usr/libexec/valgrind/vgpreload_memcheck-amd64-linux.so)
==86790==    by 0x109776: free_string_array (pipex_utilities.c:38)
==86790==    by 0x10948E: fork_and_exec_cmd (pipex.c:69)
==86790==    by 0x109623: main (pipex.c:111)
==86790==  Block was alloc'd at
==86790==    at 0x4848899: malloc (in /usr/libexec/valgrind/vgpreload_memcheck-amd64-linux.so)
==86790==    by 0x1094E0: parse_command (pipex.c:86)
==86790==    by 0x1095CC: main (pipex.c:106)
==86790== 
==86790== Invalid free() / delete / delete[] / realloc()
==86790==    at 0x484B27F: free (in /usr/libexec/valgrind/vgpreload_memcheck-amd64-linux.so)
==86790==    by 0x109776: free_string_array (pipex_utilities.c:38)
==86790==    by 0x109658: main (pipex.c:116)
==86790==  Address 0x4aa8040 is 0 bytes inside a block of size 88 free'd
==86790==    at 0x484B27F: free (in /usr/libexec/valgrind/vgpreload_memcheck-amd64-linux.so)
==86790==    by 0x109776: free_string_array (pipex_utilities.c:38)
==86790==    by 0x10948E: fork_and_exec_cmd (pipex.c:69)
==86790==    by 0x109623: main (pipex.c:111)
==86790==  Block was alloc'd at
==86790==    at 0x4848899: malloc (in /usr/libexec/valgrind/vgpreload_memcheck-amd64-linux.so)
==86790==    by 0x1094E0: parse_command (pipex.c:86)
==86790==    by 0x1095CC: main (pipex.c:106)
==86790== 
==86790== 
==86790== HEAP SUMMARY:
==86790==     in use at exit: 0 bytes in 0 blocks
==86790==   total heap usage: 2 allocs, 3 frees, 93 bytes allocated
==86790== 
==86790== All heap blocks were freed -- no leaks are possible
==86790== 
==86790== For lists of detected and suppressed errors, rerun with: -s
==86790== ERROR SUMMARY: 2 errors from 2 contexts (suppressed: 0 from 0)
==86791== 
==86791== HEAP SUMMARY:
==86791==     in use at exit: 93 bytes in 2 blocks
==86791==   total heap usage: 2 allocs, 0 frees, 93 bytes allocated
==86791== 
==86791== LEAK SUMMARY:
==86791==    definitely lost: 0 bytes in 0 blocks
==86791==    indirectly lost: 0 bytes in 0 blocks
==86791==      possibly lost: 0 bytes in 0 blocks
==86791==    still reachable: 93 bytes in 2 blocks
==86791==         suppressed: 0 bytes in 0 blocks
==86791== Reachable blocks (those to which a pointer was found) are not shown.
==86791== To see them, rerun with: --leak-check=full --show-leak-kinds=all
==86791== 
==86791== For lists of detected and suppressed errors, rerun with: -s
==86791== ERROR SUMMARY: 0 errors from 0 contexts (suppressed: 0 from 0)
