==86771== Memcheck, a memory error detector
==86771== Copyright (C) 2002-2017, and GNU GPL'd, by Julian Seward et al.
==86771== Using Valgrind-3.18.1 and LibVEX; rerun with -h for copyright info
==86771== Command: ./pipex infile cat\ -e sort\ -invalid outfile
==86771== 
sort: invalid option -- 'v'
Try 'sort --help' for more information.
open infile: No such file or directory
==86771== 
==86771== HEAP SUMMARY:
==86771==     in use at exit: 0 bytes in 0 blocks
==86771==   total heap usage: 6 allocs, 6 frees, 197 bytes allocated
==86771== 
==86771== All heap blocks were freed -- no leaks are possible
==86771== 
==86771== For lists of detected and suppressed errors, rerun with: -s
==86771== ERROR SUMMARY: 0 errors from 0 contexts (suppressed: 0 from 0)
==86772== 
==86772== HEAP SUMMARY:
==86772==     in use at exit: 95 bytes in 3 blocks
==86772==   total heap usage: 3 allocs, 0 frees, 95 bytes allocated
==86772== 
==86772== LEAK SUMMARY:
==86772==    definitely lost: 0 bytes in 0 blocks
==86772==    indirectly lost: 0 bytes in 0 blocks
==86772==      possibly lost: 0 bytes in 0 blocks
==86772==    still reachable: 95 bytes in 3 blocks
==86772==         suppressed: 0 bytes in 0 blocks
==86772== Reachable blocks (those to which a pointer was found) are not shown.
==86772== To see them, rerun with: --leak-check=full --show-leak-kinds=all
==86772== 
==86772== For lists of detected and suppressed errors, rerun with: -s
==86772== ERROR SUMMARY: 0 errors from 0 contexts (suppressed: 0 from 0)
