==86834== Memcheck, a memory error detector
==86834== Copyright (C) 2002-2017, and GNU GPL'd, by Julian Seward et al.
==86834== Using Valgrind-3.18.1 and LibVEX; rerun with -h for copyright info
==86834== Command: ./pipex infile error\ -e sort\ -r outfile
==86834== 
open infile: No such file or directory
==86835== 
==86835== HEAP SUMMARY:
==86835==     in use at exit: 97 bytes in 3 blocks
==86835==   total heap usage: 3 allocs, 0 frees, 97 bytes allocated
==86835== 
==86835== LEAK SUMMARY:
==86835==    definitely lost: 0 bytes in 0 blocks
==86835==    indirectly lost: 0 bytes in 0 blocks
==86835==      possibly lost: 0 bytes in 0 blocks
==86835==    still reachable: 97 bytes in 3 blocks
==86835==         suppressed: 0 bytes in 0 blocks
==86835== Reachable blocks (those to which a pointer was found) are not shown.
==86835== To see them, rerun with: --leak-check=full --show-leak-kinds=all
==86835== 
==86835== For lists of detected and suppressed errors, rerun with: -s
==86835== ERROR SUMMARY: 0 errors from 0 contexts (suppressed: 0 from 0)
==86834== 
==86834== HEAP SUMMARY:
==86834==     in use at exit: 0 bytes in 0 blocks
==86834==   total heap usage: 6 allocs, 6 frees, 193 bytes allocated
==86834== 
==86834== All heap blocks were freed -- no leaks are possible
==86834== 
==86834== For lists of detected and suppressed errors, rerun with: -s
==86834== ERROR SUMMARY: 0 errors from 0 contexts (suppressed: 0 from 0)
