==86810== Memcheck, a memory error detector
==86810== Copyright (C) 2002-2017, and GNU GPL'd, by Julian Seward et al.
==86810== Using Valgrind-3.18.1 and LibVEX; rerun with -h for copyright info
==86810== Command: ./pipex infile NULL NULL outfile
==86810== 
Command not found
open infile: No such file or directory
==86812== 
==86812== HEAP SUMMARY:
==86812==     in use at exit: 0 bytes in 0 blocks
==86812==   total heap usage: 50 allocs, 50 frees, 2,115 bytes allocated
==86812== 
==86812== All heap blocks were freed -- no leaks are possible
==86812== 
==86812== For lists of detected and suppressed errors, rerun with: -s
==86812== ERROR SUMMARY: 0 errors from 0 contexts (suppressed: 0 from 0)
==86811== 
==86811== HEAP SUMMARY:
==86811==     in use at exit: 93 bytes in 2 blocks
==86811==   total heap usage: 2 allocs, 0 frees, 93 bytes allocated
==86811== 
==86811== LEAK SUMMARY:
==86811==    definitely lost: 0 bytes in 0 blocks
==86811==    indirectly lost: 0 bytes in 0 blocks
==86811==      possibly lost: 0 bytes in 0 blocks
==86811==    still reachable: 93 bytes in 2 blocks
==86811==         suppressed: 0 bytes in 0 blocks
==86811== Reachable blocks (those to which a pointer was found) are not shown.
==86811== To see them, rerun with: --leak-check=full --show-leak-kinds=all
==86811== 
==86811== For lists of detected and suppressed errors, rerun with: -s
==86811== ERROR SUMMARY: 0 errors from 0 contexts (suppressed: 0 from 0)
==86810== 
==86810== HEAP SUMMARY:
==86810==     in use at exit: 0 bytes in 0 blocks
==86810==   total heap usage: 4 allocs, 4 frees, 186 bytes allocated
==86810== 
==86810== All heap blocks were freed -- no leaks are possible
==86810== 
==86810== For lists of detected and suppressed errors, rerun with: -s
==86810== ERROR SUMMARY: 0 errors from 0 contexts (suppressed: 0 from 0)
