==86803== Memcheck, a memory error detector
==86803== Copyright (C) 2002-2017, and GNU GPL'd, by Julian Seward et al.
==86803== Using Valgrind-3.18.1 and LibVEX; rerun with -h for copyright info
==86803== Command: ./pipex infile NULL sort outfile
==86803== 
open infile: No such file or directory
==86804== 
==86804== HEAP SUMMARY:
==86804==     in use at exit: 93 bytes in 2 blocks
==86804==   total heap usage: 2 allocs, 0 frees, 93 bytes allocated
==86804== 
==86804== LEAK SUMMARY:
==86804==    definitely lost: 0 bytes in 0 blocks
==86804==    indirectly lost: 0 bytes in 0 blocks
==86804==      possibly lost: 0 bytes in 0 blocks
==86804==    still reachable: 93 bytes in 2 blocks
==86804==         suppressed: 0 bytes in 0 blocks
==86804== Reachable blocks (those to which a pointer was found) are not shown.
==86804== To see them, rerun with: --leak-check=full --show-leak-kinds=all
==86804== 
==86804== For lists of detected and suppressed errors, rerun with: -s
==86804== ERROR SUMMARY: 0 errors from 0 contexts (suppressed: 0 from 0)
==86803== 
==86803== HEAP SUMMARY:
==86803==     in use at exit: 0 bytes in 0 blocks
==86803==   total heap usage: 4 allocs, 4 frees, 186 bytes allocated
==86803== 
==86803== All heap blocks were freed -- no leaks are possible
==86803== 
==86803== For lists of detected and suppressed errors, rerun with: -s
==86803== ERROR SUMMARY: 0 errors from 0 contexts (suppressed: 0 from 0)
