==86754== Memcheck, a memory error detector
==86754== Copyright (C) 2002-2017, and GNU GPL'd, by Julian Seward et al.
==86754== Using Valgrind-3.18.1 and LibVEX; rerun with -h for copyright info
==86754== Command: ./pipex infile cat  outfile
==86754== 
empty command: Success
open infile: No such file or directory
==86754== Invalid read of size 8
==86754==    at 0x109760: free_string_array (pipex_utilities.c:32)
==86754==    by 0x109658: main (pipex.c:116)
==86754==  Address 0x4aa8040 is 0 bytes inside a block of size 88 free'd
==86754==    at 0x484B27F: free (in /usr/libexec/valgrind/vgpreload_memcheck-amd64-linux.so)
==86754==    by 0x109776: free_string_array (pipex_utilities.c:38)
==86754==    by 0x10948E: fork_and_exec_cmd (pipex.c:69)
==86754==    by 0x109623: main (pipex.c:111)
==86754==  Block was alloc'd at
==86754==    at 0x4848899: malloc (in /usr/libexec/valgrind/vgpreload_memcheck-amd64-linux.so)
==86754==    by 0x1094E0: parse_command (pipex.c:86)
==86754==    by 0x1095CC: main (pipex.c:106)
==86754== 
==86754== Invalid free() / delete / delete[] / realloc()
==86754==    at 0x484B27F: free (in /usr/libexec/valgrind/vgpreload_memcheck-amd64-linux.so)
==86754==    by 0x109776: free_string_array (pipex_utilities.c:38)
==86754==    by 0x109658: main (pipex.c:116)
==86754==  Address 0x4aa8040 is 0 bytes inside a block of size 88 free'd
==86754==    at 0x484B27F: free (in /usr/libexec/valgrind/vgpreload_memcheck-amd64-linux.so)
==86754==    by 0x109776: free_string_array (pipex_utilities.c:38)
==86754==    by 0x10948E: fork_and_exec_cmd (pipex.c:69)
==86754==    by 0x109623: main (pipex.c:111)
==86754==  Block was alloc'd at
==86754==    at 0x4848899: malloc (in /usr/libexec/valgrind/vgpreload_memcheck-amd64-linux.so)
==86754==    by 0x1094E0: parse_command (pipex.c:86)
==86754==    by 0x1095CC: main (pipex.c:106)
==86754== 
==86755== 
==86755== HEAP SUMMARY:
==86755==     in use at exit: 92 bytes in 2 blocks
==86755==   total heap usage: 2 allocs, 0 frees, 92 bytes allocated
==86755== 
==86754== 
==86754== HEAP SUMMARY:
==86754==     in use at exit: 0 bytes in 0 blocks
==86754==   total heap usage: 2 allocs, 3 frees, 92 bytes allocated
==86754== 
==86754== All heap blocks were freed -- no leaks are possible
==86754== 
==86754== For lists of detected and suppressed errors, rerun with: -s
==86754== ERROR SUMMARY: 2 errors from 2 contexts (suppressed: 0 from 0)
==86755== LEAK SUMMARY:
==86755==    definitely lost: 0 bytes in 0 blocks
==86755==    indirectly lost: 0 bytes in 0 blocks
==86755==      possibly lost: 0 bytes in 0 blocks
==86755==    still reachable: 92 bytes in 2 blocks
==86755==         suppressed: 0 bytes in 0 blocks
==86755== Reachable blocks (those to which a pointer was found) are not shown.
==86755== To see them, rerun with: --leak-check=full --show-leak-kinds=all
==86755== 
==86755== For lists of detected and suppressed errors, rerun with: -s
==86755== ERROR SUMMARY: 0 errors from 0 contexts (suppressed: 0 from 0)
