==41628== Memcheck, a memory error detector
==41628== Copyright (C) 2002-2022, and GNU GPL'd, by Julian Seward et al.
==41628== Using Valgrind-3.22.0.GIT-lbmacos and LibVEX; rerun with -h for copyright info
==41628== Command: ./pipex infile   outfile
==41628== 
empty command: Undefined error: 0
empty command: Undefined error: 0
parse_command: Undefined error: 0
==41628== 
==41628== HEAP SUMMARY:
==41628==     in use at exit: 14,103 bytes in 161 blocks
==41628==   total heap usage: 175 allocs, 14 frees, 18,847 bytes allocated
==41628== 
==41628== LEAK SUMMARY:
==41628==    definitely lost: 0 bytes in 0 blocks
==41628==    indirectly lost: 0 bytes in 0 blocks
==41628==      possibly lost: 0 bytes in 0 blocks
==41628==    still reachable: 0 bytes in 0 blocks
==41628==         suppressed: 14,103 bytes in 161 blocks
==41628== 
==41628== For lists of detected and suppressed errors, rerun with: -s
==41628== ERROR SUMMARY: 0 errors from 0 contexts (suppressed: 7 from 7)
