==9361== Memcheck, a memory error detector
==9361== Copyright (C) 2002-2022, and GNU GPL'd, by Julian Seward et al.
==9361== Using Valgrind-3.22.0.GIT-lbmacos and LibVEX; rerun with -h for copyright info
==9361== Command: ./pipex infile cat\ -e sort\ -r outfile
==9361== 
==9361== Invalid read of size 8
==9361==    at 0x100002E46: free_string_array (pipex_utilities.c:32)
==9361==    by 0x100002FA9: cleanup (pipex_utilities.c:69)
==9361==    by 0x100002D7B: main (pipex.c:159)
==9361==  Address 0x10082d620 is 0 bytes inside a block of size 88 free'd
==9361==    at 0x100126365: free (in /Users/hezhukov/.brew/Cellar/valgrind/HEAD-d14be1d/libexec/valgrind/vgpreload_memcheck-amd64-darwin.so)
==9361==    by 0x100002E94: free_string_array (pipex_utilities.c:38)
==9361==    by 0x100002B45: fork_and_exec_cmd (pipex.c:69)
==9361==    by 0x100002CF7: main (pipex.c:149)
==9361==  Block was alloc'd at
==9361==    at 0x100124505: malloc (in /Users/hezhukov/.brew/Cellar/valgrind/HEAD-d14be1d/libexec/valgrind/vgpreload_memcheck-amd64-darwin.so)
==9361==    by 0x100002BAB: parse_command (pipex.c:86)
==9361==    by 0x100002CA1: main (pipex.c:144)
==9361== 
==9361== Invalid free() / delete / delete[] / realloc()
==9361==    at 0x100126365: free (in /Users/hezhukov/.brew/Cellar/valgrind/HEAD-d14be1d/libexec/valgrind/vgpreload_memcheck-amd64-darwin.so)
==9361==    by 0x100002E94: free_string_array (pipex_utilities.c:38)
==9361==    by 0x100002FA9: cleanup (pipex_utilities.c:69)
==9361==    by 0x100002D7B: main (pipex.c:159)
==9361==  Address 0x10082d620 is 0 bytes inside a block of size 88 free'd
==9361==    at 0x100126365: free (in /Users/hezhukov/.brew/Cellar/valgrind/HEAD-d14be1d/libexec/valgrind/vgpreload_memcheck-amd64-darwin.so)
==9361==    by 0x100002E94: free_string_array (pipex_utilities.c:38)
==9361==    by 0x100002B45: fork_and_exec_cmd (pipex.c:69)
==9361==    by 0x100002CF7: main (pipex.c:149)
==9361==  Block was alloc'd at
==9361==    at 0x100124505: malloc (in /Users/hezhukov/.brew/Cellar/valgrind/HEAD-d14be1d/libexec/valgrind/vgpreload_memcheck-amd64-darwin.so)
==9361==    by 0x100002BAB: parse_command (pipex.c:86)
==9361==    by 0x100002CA1: main (pipex.c:144)
==9361== 
==9361== Invalid read of size 8
==9361==    at 0x100002E46: free_string_array (pipex_utilities.c:32)
==9361==    by 0x100002FBD: cleanup (pipex_utilities.c:71)
==9361==    by 0x100002D7B: main (pipex.c:159)
==9361==  Address 0x10082d760 is 0 bytes inside a block of size 88 free'd
==9361==    at 0x100126365: free (in /Users/hezhukov/.brew/Cellar/valgrind/HEAD-d14be1d/libexec/valgrind/vgpreload_memcheck-amd64-darwin.so)
==9361==    by 0x100002E94: free_string_array (pipex_utilities.c:38)
==9361==    by 0x100002B45: fork_and_exec_cmd (pipex.c:69)
==9361==    by 0x100002D55: main (pipex.c:157)
==9361==  Block was alloc'd at
==9361==    at 0x100124505: malloc (in /Users/hezhukov/.brew/Cellar/valgrind/HEAD-d14be1d/libexec/valgrind/vgpreload_memcheck-amd64-darwin.so)
==9361==    by 0x100002BAB: parse_command (pipex.c:86)
==9361==    by 0x100002D19: main (pipex.c:151)
==9361== 
==9361== Invalid free() / delete / delete[] / realloc()
==9361==    at 0x100126365: free (in /Users/hezhukov/.brew/Cellar/valgrind/HEAD-d14be1d/libexec/valgrind/vgpreload_memcheck-amd64-darwin.so)
==9361==    by 0x100002E94: free_string_array (pipex_utilities.c:38)
==9361==    by 0x100002FBD: cleanup (pipex_utilities.c:71)
==9361==    by 0x100002D7B: main (pipex.c:159)
==9361==  Address 0x10082d760 is 0 bytes inside a block of size 88 free'd
==9361==    at 0x100126365: free (in /Users/hezhukov/.brew/Cellar/valgrind/HEAD-d14be1d/libexec/valgrind/vgpreload_memcheck-amd64-darwin.so)
==9361==    by 0x100002E94: free_string_array (pipex_utilities.c:38)
==9361==    by 0x100002B45: fork_and_exec_cmd (pipex.c:69)
==9361==    by 0x100002D55: main (pipex.c:157)
==9361==  Block was alloc'd at
==9361==    at 0x100124505: malloc (in /Users/hezhukov/.brew/Cellar/valgrind/HEAD-d14be1d/libexec/valgrind/vgpreload_memcheck-amd64-darwin.so)
==9361==    by 0x100002BAB: parse_command (pipex.c:86)
==9361==    by 0x100002D19: main (pipex.c:151)
==9361== 
==9361== 
==9361== HEAP SUMMARY:
==9361==     in use at exit: 14,103 bytes in 161 blocks
==9361==   total heap usage: 181 allocs, 22 frees, 19,038 bytes allocated
==9361== 
==9361== LEAK SUMMARY:
==9361==    definitely lost: 0 bytes in 0 blocks
==9361==    indirectly lost: 0 bytes in 0 blocks
==9361==      possibly lost: 0 bytes in 0 blocks
==9361==    still reachable: 0 bytes in 0 blocks
==9361==         suppressed: 14,103 bytes in 161 blocks
==9361== 
==9361== For lists of detected and suppressed errors, rerun with: -s
==9361== ERROR SUMMARY: 4 errors from 4 contexts (suppressed: 7 from 7)
