==70295== Memcheck, a memory error detector
==70295== Copyright (C) 2002-2022, and GNU GPL'd, by Julian Seward et al.
==70295== Using Valgrind-3.22.0.GIT-lbmacos and LibVEX; rerun with -h for copyright info
==70295== Command: ./pipex infile cat NULL outfile
==70295== 
Command not found
==70298== 
==70298== HEAP SUMMARY:
==70298==     in use at exit: 16,469 bytes in 170 blocks
==70298==   total heap usage: 215 allocs, 45 frees, 22,613 bytes allocated
==70298== 
==70298== LEAK SUMMARY:
==70298==    definitely lost: 0 bytes in 0 blocks
==70298==    indirectly lost: 0 bytes in 0 blocks
==70298==      possibly lost: 0 bytes in 0 blocks
==70298==    still reachable: 2,430 bytes in 10 blocks
==70298==         suppressed: 14,039 bytes in 160 blocks
==70298== Reachable blocks (those to which a pointer was found) are not shown.
==70298== To see them, rerun with: --leak-check=full --show-leak-kinds=all
==70298== 
==70298== For lists of detected and suppressed errors, rerun with: -s
==70298== ERROR SUMMARY: 0 errors from 0 contexts (suppressed: 12 from 12)
==70295== 
==70295== HEAP SUMMARY:
==70295==     in use at exit: 14,103 bytes in 161 blocks
==70295==   total heap usage: 179 allocs, 18 frees, 19,032 bytes allocated
==70295== 
==70295== LEAK SUMMARY:
==70295==    definitely lost: 0 bytes in 0 blocks
==70295==    indirectly lost: 0 bytes in 0 blocks
==70295==      possibly lost: 0 bytes in 0 blocks
==70295==    still reachable: 0 bytes in 0 blocks
==70295==         suppressed: 14,103 bytes in 161 blocks
==70295== 
==70295== For lists of detected and suppressed errors, rerun with: -s
==70295== ERROR SUMMARY: 0 errors from 0 contexts (suppressed: 7 from 7)
