==9354== Memcheck, a memory error detector
==9354== Copyright (C) 2002-2022, and GNU GPL'd, by Julian Seward et al.
==9354== Using Valgrind-3.22.0.GIT-lbmacos and LibVEX; rerun with -h for copyright info
==9354== Command: ./pipex infile cat sort outfile
==9354== 
==9354== Invalid read of size 8
==9354==    at 0x100002E46: free_string_array (pipex_utilities.c:32)
==9354==    by 0x100002FA9: cleanup (pipex_utilities.c:69)
==9354==    by 0x100002D7B: main (pipex.c:159)
==9354==  Address 0x10082d620 is 0 bytes inside a block of size 88 free'd
==9354==    at 0x100126365: free (in /Users/hezhukov/.brew/Cellar/valgrind/HEAD-d14be1d/libexec/valgrind/vgpreload_memcheck-amd64-darwin.so)
==9354==    by 0x100002E94: free_string_array (pipex_utilities.c:38)
==9354==    by 0x100002B45: fork_and_exec_cmd (pipex.c:69)
==9354==    by 0x100002CF7: main (pipex.c:149)
==9354==  Block was alloc'd at
==9354==    at 0x100124505: malloc (in /Users/hezhukov/.brew/Cellar/valgrind/HEAD-d14be1d/libexec/valgrind/vgpreload_memcheck-amd64-darwin.so)
==9354==    by 0x100002BAB: parse_command (pipex.c:86)
==9354==    by 0x100002CA1: main (pipex.c:144)
==9354== 
==9354== Invalid free() / delete / delete[] / realloc()
==9354==    at 0x100126365: free (in /Users/hezhukov/.brew/Cellar/valgrind/HEAD-d14be1d/libexec/valgrind/vgpreload_memcheck-amd64-darwin.so)
==9354==    by 0x100002E94: free_string_array (pipex_utilities.c:38)
==9354==    by 0x100002FA9: cleanup (pipex_utilities.c:69)
==9354==    by 0x100002D7B: main (pipex.c:159)
==9354==  Address 0x10082d620 is 0 bytes inside a block of size 88 free'd
==9354==    at 0x100126365: free (in /Users/hezhukov/.brew/Cellar/valgrind/HEAD-d14be1d/libexec/valgrind/vgpreload_memcheck-amd64-darwin.so)
==9354==    by 0x100002E94: free_string_array (pipex_utilities.c:38)
==9354==    by 0x100002B45: fork_and_exec_cmd (pipex.c:69)
==9354==    by 0x100002CF7: main (pipex.c:149)
==9354==  Block was alloc'd at
==9354==    at 0x100124505: malloc (in /Users/hezhukov/.brew/Cellar/valgrind/HEAD-d14be1d/libexec/valgrind/vgpreload_memcheck-amd64-darwin.so)
==9354==    by 0x100002BAB: parse_command (pipex.c:86)
==9354==    by 0x100002CA1: main (pipex.c:144)
==9354== 
==9354== Invalid read of size 8
==9354==    at 0x100002E46: free_string_array (pipex_utilities.c:32)
==9354==    by 0x100002FBD: cleanup (pipex_utilities.c:71)
==9354==    by 0x100002D7B: main (pipex.c:159)
==9354==  Address 0x10082d710 is 0 bytes inside a block of size 88 free'd
==9354==    at 0x100126365: free (in /Users/hezhukov/.brew/Cellar/valgrind/HEAD-d14be1d/libexec/valgrind/vgpreload_memcheck-amd64-darwin.so)
==9354==    by 0x100002E94: free_string_array (pipex_utilities.c:38)
==9354==    by 0x100002B45: fork_and_exec_cmd (pipex.c:69)
==9354==    by 0x100002D55: main (pipex.c:157)
==9354==  Block was alloc'd at
==9354==    at 0x100124505: malloc (in /Users/hezhukov/.brew/Cellar/valgrind/HEAD-d14be1d/libexec/valgrind/vgpreload_memcheck-amd64-darwin.so)
==9354==    by 0x100002BAB: parse_command (pipex.c:86)
==9354==    by 0x100002D19: main (pipex.c:151)
==9354== 
==9354== Invalid free() / delete / delete[] / realloc()
==9354==    at 0x100126365: free (in /Users/hezhukov/.brew/Cellar/valgrind/HEAD-d14be1d/libexec/valgrind/vgpreload_memcheck-amd64-darwin.so)
==9354==    by 0x100002E94: free_string_array (pipex_utilities.c:38)
==9354==    by 0x100002FBD: cleanup (pipex_utilities.c:71)
==9354==    by 0x100002D7B: main (pipex.c:159)
==9354==  Address 0x10082d710 is 0 bytes inside a block of size 88 free'd
==9354==    at 0x100126365: free (in /Users/hezhukov/.brew/Cellar/valgrind/HEAD-d14be1d/libexec/valgrind/vgpreload_memcheck-amd64-darwin.so)
==9354==    by 0x100002E94: free_string_array (pipex_utilities.c:38)
==9354==    by 0x100002B45: fork_and_exec_cmd (pipex.c:69)
==9354==    by 0x100002D55: main (pipex.c:157)
==9354==  Block was alloc'd at
==9354==    at 0x100124505: malloc (in /Users/hezhukov/.brew/Cellar/valgrind/HEAD-d14be1d/libexec/valgrind/vgpreload_memcheck-amd64-darwin.so)
==9354==    by 0x100002BAB: parse_command (pipex.c:86)
==9354==    by 0x100002D19: main (pipex.c:151)
==9354== 
==9354== 
==9354== HEAP SUMMARY:
==9354==     in use at exit: 14,103 bytes in 161 blocks
==9354==   total heap usage: 179 allocs, 20 frees, 19,032 bytes allocated
==9354== 
==9354== LEAK SUMMARY:
==9354==    definitely lost: 0 bytes in 0 blocks
==9354==    indirectly lost: 0 bytes in 0 blocks
==9354==      possibly lost: 0 bytes in 0 blocks
==9354==    still reachable: 0 bytes in 0 blocks
==9354==         suppressed: 14,103 bytes in 161 blocks
==9354== 
==9354== For lists of detected and suppressed errors, rerun with: -s
==9354== ERROR SUMMARY: 4 errors from 4 contexts (suppressed: 7 from 7)
