==34523== Memcheck, a memory error detector
==34523== Copyright (C) 2002-2022, and GNU GPL'd, by Julian Seward et al.
==34523== Using Valgrind-3.22.0.GIT-lbmacos and LibVEX; rerun with -h for copyright info
==34523== Command: ./pipex infile cat\ -e sort\ -invalid outfile
==34523== 
open infile: No such file or directory
==34530== 
==34530== HEAP SUMMARY:
==34530==     in use at exit: 16,564 bytes in 173 blocks
==34530==   total heap usage: 188 allocs, 15 frees, 21,372 bytes allocated
==34530== 
sort: invalid option -- v
Usage: sort [-bcCdfigMmnrsuz] [-kPOS1[,POS2] ... ] [+POS1 [-POS2]] [-S memsize] [-T tmpdir] [-t separator] [-o outfile] [--batch-size size] [--files0-from file] [--heapsort] [--mergesort] [--radixsort] [--qsort] [--mmap] [--parallel thread_no] [--human-numeric-sort] [--version-sort] [--random-sort [--random-source file]] [--compress-program program] [file ...]
==34523== 
==34523== HEAP SUMMARY:
==34523==     in use at exit: 14,103 bytes in 161 blocks
==34523==   total heap usage: 181 allocs, 20 frees, 19,044 bytes allocated
==34523== 
==34530== LEAK SUMMARY:
==34530==    definitely lost: 0 bytes in 0 blocks
==34530==    indirectly lost: 0 bytes in 0 blocks
==34530==      possibly lost: 0 bytes in 0 blocks
==34530==    still reachable: 2,525 bytes in 13 blocks
==34530==         suppressed: 14,039 bytes in 160 blocks
==34530== Reachable blocks (those to which a pointer was found) are not shown.
==34530== To see them, rerun with: --leak-check=full --show-leak-kinds=all
==34530== 
==34530== For lists of detected and suppressed errors, rerun with: -s
==34530== ERROR SUMMARY: 0 errors from 0 contexts (suppressed: 12 from 12)
==34523== LEAK SUMMARY:
==34523==    definitely lost: 0 bytes in 0 blocks
==34523==    indirectly lost: 0 bytes in 0 blocks
==34523==      possibly lost: 0 bytes in 0 blocks
==34523==    still reachable: 0 bytes in 0 blocks
==34523==         suppressed: 14,103 bytes in 161 blocks
==34523== 
==34523== For lists of detected and suppressed errors, rerun with: -s
==34523== ERROR SUMMARY: 0 errors from 0 contexts (suppressed: 7 from 7)
