==36715== Memcheck, a memory error detector
==36715== Copyright (C) 2002-2022, and GNU GPL'd, by Julian Seward et al.
==36715== Using Valgrind-3.22.0.GIT-lbmacos and LibVEX; rerun with -h for copyright info
==36715== Command: ./pipex infile cat\ -invalid sort\ -r outfile
==36715== 
cat: illegal option -- i
usage: cat [-benstuv] [file ...]
Argument 0: ./pipex
Argument 1: infile
Argument 2: cat -invalid
Argument 3: sort -r
Argument 4: outfile
==36715== 
==36715== HEAP SUMMARY:
==36715==     in use at exit: 18,199 bytes in 162 blocks
==36715==   total heap usage: 182 allocs, 20 frees, 23,140 bytes allocated
==36715== 
==36715== LEAK SUMMARY:
==36715==    definitely lost: 0 bytes in 0 blocks
==36715==    indirectly lost: 0 bytes in 0 blocks
==36715==      possibly lost: 0 bytes in 0 blocks
==36715==    still reachable: 0 bytes in 0 blocks
==36715==         suppressed: 18,199 bytes in 162 blocks
==36715== 
==36715== For lists of detected and suppressed errors, rerun with: -s
==36715== ERROR SUMMARY: 0 errors from 0 contexts (suppressed: 7 from 7)
