==24999== Memcheck, a memory error detector
==24999== Copyright (C) 2002-2022, and GNU GPL'd, by Julian Seward et al.
==24999== Using Valgrind-3.22.0.GIT-lbmacos and LibVEX; rerun with -h for copyright info
==24999== Command: ./pipex infile cat  outfile
==24999== 
empty command: Undefined error: 0
==24999== 
==24999== HEAP SUMMARY:
==24999==     in use at exit: 14,103 bytes in 161 blocks
==24999==   total heap usage: 177 allocs, 16 frees, 18,939 bytes allocated
==24999== 
==24999== LEAK SUMMARY:
==24999==    definitely lost: 0 bytes in 0 blocks
==24999==    indirectly lost: 0 bytes in 0 blocks
==24999==      possibly lost: 0 bytes in 0 blocks
==24999==    still reachable: 0 bytes in 0 blocks
==24999==         suppressed: 14,103 bytes in 161 blocks
==24999== 
==24999== For lists of detected and suppressed errors, rerun with: -s
==24999== ERROR SUMMARY: 0 errors from 0 contexts (suppressed: 7 from 7)
