==24950== Memcheck, a memory error detector
==24950== Copyright (C) 2002-2022, and GNU GPL'd, by Julian Seward et al.
==24950== Using Valgrind-3.22.0.GIT-lbmacos and LibVEX; rerun with -h for copyright info
==24950== Command: ./pipex infile  sort outfile
==24950== 
empty command: Undefined error: 0
==24950== 
==24950== HEAP SUMMARY:
==24950==     in use at exit: 14,103 bytes in 161 blocks
==24950==   total heap usage: 177 allocs, 16 frees, 18,940 bytes allocated
==24950== 
==24950== LEAK SUMMARY:
==24950==    definitely lost: 0 bytes in 0 blocks
==24950==    indirectly lost: 0 bytes in 0 blocks
==24950==      possibly lost: 0 bytes in 0 blocks
==24950==    still reachable: 0 bytes in 0 blocks
==24950==         suppressed: 14,103 bytes in 161 blocks
==24950== 
==24950== For lists of detected and suppressed errors, rerun with: -s
==24950== ERROR SUMMARY: 0 errors from 0 contexts (suppressed: 7 from 7)
