==41648== Memcheck, a memory error detector
==41648== Copyright (C) 2002-2022, and GNU GPL'd, by Julian Seward et al.
==41648== Using Valgrind-3.22.0.GIT-lbmacos and LibVEX; rerun with -h for copyright info
==41648== Command: ./pipex infile NULL sort outfile
==41648== 
Command not found
==41649== 
==41649== HEAP SUMMARY:
==41649==     in use at exit: 16,469 bytes in 170 blocks
==41649==   total heap usage: 215 allocs, 45 frees, 22,614 bytes allocated
==41649== 
==41649== LEAK SUMMARY:
==41649==    definitely lost: 0 bytes in 0 blocks
==41649==    indirectly lost: 0 bytes in 0 blocks
==41649==      possibly lost: 0 bytes in 0 blocks
==41649==    still reachable: 2,430 bytes in 10 blocks
==41649==         suppressed: 14,039 bytes in 160 blocks
==41649== Reachable blocks (those to which a pointer was found) are not shown.
==41649== To see them, rerun with: --leak-check=full --show-leak-kinds=all
==41649== 
==41649== For lists of detected and suppressed errors, rerun with: -s
==41649== ERROR SUMMARY: 0 errors from 0 contexts (suppressed: 12 from 12)
==41648== 
==41648== HEAP SUMMARY:
==41648==     in use at exit: 14,103 bytes in 161 blocks
==41648==   total heap usage: 179 allocs, 18 frees, 19,033 bytes allocated
==41648== 
==41648== LEAK SUMMARY:
==41648==    definitely lost: 0 bytes in 0 blocks
==41648==    indirectly lost: 0 bytes in 0 blocks
==41648==      possibly lost: 0 bytes in 0 blocks
==41648==    still reachable: 0 bytes in 0 blocks
==41648==         suppressed: 14,103 bytes in 161 blocks
==41648== 
==41648== For lists of detected and suppressed errors, rerun with: -s
==41648== ERROR SUMMARY: 0 errors from 0 contexts (suppressed: 7 from 7)
