==39510== Memcheck, a memory error detector
==39510== Copyright (C) 2002-2022, and GNU GPL'd, by Julian Seward et al.
==39510== Using Valgrind-3.22.0.GIT-lbmacos and LibVEX; rerun with -h for copyright info
==39510== Command: ./pipex infile cat\ -e error\ -r outfile
==39510== 
open infile: No such file or directory
==39511== 
==39511== HEAP SUMMARY:
==39511==     in use at exit: 16,564 bytes in 173 blocks
==39511==   total heap usage: 188 allocs, 15 frees, 21,372 bytes allocated
==39511== 
Command not found
==39512== 
==39512== HEAP SUMMARY:
==39512==     in use at exit: 16,469 bytes in 170 blocks
==39512==   total heap usage: 217 allocs, 47 frees, 22,632 bytes allocated
==39512== 
==39511== LEAK SUMMARY:
==39511==    definitely lost: 0 bytes in 0 blocks
==39511==    indirectly lost: 0 bytes in 0 blocks
==39511==      possibly lost: 0 bytes in 0 blocks
==39511==    still reachable: 2,525 bytes in 13 blocks
==39511==         suppressed: 14,039 bytes in 160 blocks
==39511== Reachable blocks (those to which a pointer was found) are not shown.
==39511== To see them, rerun with: --leak-check=full --show-leak-kinds=all
==39511== 
==39511== For lists of detected and suppressed errors, rerun with: -s
==39511== ERROR SUMMARY: 0 errors from 0 contexts (suppressed: 12 from 12)
==39512== LEAK SUMMARY:
==39512==    definitely lost: 0 bytes in 0 blocks
==39512==    indirectly lost: 0 bytes in 0 blocks
==39512==      possibly lost: 0 bytes in 0 blocks
==39512==    still reachable: 2,430 bytes in 10 blocks
==39512==         suppressed: 14,039 bytes in 160 blocks
==39512== Reachable blocks (those to which a pointer was found) are not shown.
==39512== To see them, rerun with: --leak-check=full --show-leak-kinds=all
==39512== 
==39512== For lists of detected and suppressed errors, rerun with: -s
==39512== ERROR SUMMARY: 0 errors from 0 contexts (suppressed: 12 from 12)
==39510== 
==39510== HEAP SUMMARY:
==39510==     in use at exit: 14,103 bytes in 161 blocks
==39510==   total heap usage: 181 allocs, 20 frees, 19,039 bytes allocated
==39510== 
==39510== LEAK SUMMARY:
==39510==    definitely lost: 0 bytes in 0 blocks
==39510==    indirectly lost: 0 bytes in 0 blocks
==39510==      possibly lost: 0 bytes in 0 blocks
==39510==    still reachable: 0 bytes in 0 blocks
==39510==         suppressed: 14,103 bytes in 161 blocks
==39510== 
==39510== For lists of detected and suppressed errors, rerun with: -s
==39510== ERROR SUMMARY: 0 errors from 0 contexts (suppressed: 7 from 7)
