==75209== Memcheck, a memory error detector
==75209== Copyright (C) 2002-2017, and GNU GPL'd, by Julian Seward et al.
==75209== Using Valgrind-3.18.1 and LibVEX; rerun with -h for copyright info
==75209== Command: ./pipex infile NULL  outfile
==75209== 
Command not found
empty command: Success
==75209== Invalid read of size 8
==75209==    at 0x1097B4: free_string_array (pipex_utilities.c:32)
==75209==    by 0x109685: main (pipex.c:122)
==75209==  Address 0x4aa8040 is 0 bytes inside a block of size 88 free'd
==75209==    at 0x484B27F: free (in /usr/libexec/valgrind/vgpreload_memcheck-amd64-linux.so)
==75209==    by 0x1097CA: free_string_array (pipex_utilities.c:38)
==75209==    by 0x10949E: fork_and_exec_cmd (pipex.c:69)
==75209==    by 0x10963F: main (pipex.c:114)
==75209==  Block was alloc'd at
==75209==    at 0x4848899: malloc (in /usr/libexec/valgrind/vgpreload_memcheck-amd64-linux.so)
==75209==    by 0x1094F0: parse_command (pipex.c:86)
==75209==    by 0x1095DC: main (pipex.c:106)
==75209== 
==75209== Invalid free() / delete / delete[] / realloc()
==75209==    at 0x484B27F: free (in /usr/libexec/valgrind/vgpreload_memcheck-amd64-linux.so)
==75209==    by 0x1097CA: free_string_array (pipex_utilities.c:38)
==75209==    by 0x109685: main (pipex.c:122)
==75209==  Address 0x4aa8040 is 0 bytes inside a block of size 88 free'd
==75209==    at 0x484B27F: free (in /usr/libexec/valgrind/vgpreload_memcheck-amd64-linux.so)
==75209==    by 0x1097CA: free_string_array (pipex_utilities.c:38)
==75209==    by 0x10949E: fork_and_exec_cmd (pipex.c:69)
==75209==    by 0x10963F: main (pipex.c:114)
==75209==  Block was alloc'd at
==75209==    at 0x4848899: malloc (in /usr/libexec/valgrind/vgpreload_memcheck-amd64-linux.so)
==75209==    by 0x1094F0: parse_command (pipex.c:86)
==75209==    by 0x1095DC: main (pipex.c:106)
==75209== 
==75210== 
==75210== HEAP SUMMARY:
==75210==     in use at exit: 0 bytes in 0 blocks
==75210==   total heap usage: 48 allocs, 48 frees, 2,022 bytes allocated
==75210== 
==75210== All heap blocks were freed -- no leaks are possible
==75210== 
==75210== For lists of detected and suppressed errors, rerun with: -s
==75210== ERROR SUMMARY: 0 errors from 0 contexts (suppressed: 0 from 0)
==75209== 
==75209== HEAP SUMMARY:
==75209==     in use at exit: 0 bytes in 0 blocks
==75209==   total heap usage: 2 allocs, 3 frees, 93 bytes allocated
==75209== 
==75209== All heap blocks were freed -- no leaks are possible
==75209== 
==75209== For lists of detected and suppressed errors, rerun with: -s
==75209== ERROR SUMMARY: 2 errors from 2 contexts (suppressed: 0 from 0)
