==16459== Memcheck, a memory error detector
==16459== Copyright (C) 2002-2017, and GNU GPL'd, by Julian Seward et al.
==16459== Using Valgrind-3.18.1 and LibVEX; rerun with -h for copyright info
==16459== Command: ./pipex infile NULL NULL outfile
==16459== 
Command not found
Command not found
==16460== 
==16460== HEAP SUMMARY:
==16460==     in use at exit: 0 bytes in 0 blocks
==16460==   total heap usage: 48 allocs, 48 frees, 2,022 bytes allocated
==16460== 
==16460== All heap blocks were freed -- no leaks are possible
==16460== 
==16460== For lists of detected and suppressed errors, rerun with: -s
==16460== ERROR SUMMARY: 0 errors from 0 contexts (suppressed: 0 from 0)
==16461== 
==16461== HEAP SUMMARY:
==16461==     in use at exit: 0 bytes in 0 blocks
==16461==   total heap usage: 50 allocs, 50 frees, 2,115 bytes allocated
==16461== 
==16461== All heap blocks were freed -- no leaks are possible
==16461== 
==16461== For lists of detected and suppressed errors, rerun with: -s
==16461== ERROR SUMMARY: 0 errors from 0 contexts (suppressed: 0 from 0)
==16459== 
==16459== HEAP SUMMARY:
==16459==     in use at exit: 0 bytes in 0 blocks
==16459==   total heap usage: 4 allocs, 4 frees, 186 bytes allocated
==16459== 
==16459== All heap blocks were freed -- no leaks are possible
==16459== 
==16459== For lists of detected and suppressed errors, rerun with: -s
==16459== ERROR SUMMARY: 0 errors from 0 contexts (suppressed: 0 from 0)
